This file has automatically been generated.
Thu Jan 19 14:09:25 2017
Michel Bierlaire, EPFL

biogeme 2.5 [Sat Jul 30 12:42:23 EDT 2016]
Michel Bierlaire, EPFL

Warning: [14:09:25]bioMain.cc:102  pythonbiogeme multinomial_logit biogeme_data-180120171111.csv
[14:09:25]bioParameters.cc:373  Parameter documentation generated: pythonparam.html
[14:09:25]bioModelParser.cc:109  multinomial_logit.py exists
 Read sample in binary format from __bin_biogeme_data-180120171111.csv *****
 Processing the sample file: __bin_biogeme_data-180120171111.csv [00:00]
 Nbr of cores used by biogeme: 16
 Init. log-likelihood: -750206 [00:01]
 Use CFSQP
 

  CFSQP Version 2.5d (Released February 1998)
           Copyright (c) 1993 --- 1998
            C.T. Lawrence, J.L. Zhou
                 and A.L. Tits
              All Rights Reserved

 The given initial point is feasible for inequality
          constraints and linear equality constraints:
                      	  +0.00000000000000e+00
  			  +0.00000000000000e+00
  			  +0.00000000000000e+00
  			  +0.00000000000000e+00
  			  +0.00000000000000e+00
  			  +0.00000000000000e+00
  			  +0.00000000000000e+00
  			  +0.00000000000000e+00
  			  +0.00000000000000e+00
  			  +0.00000000000000e+00
  			  +0.00000000000000e+00
  			  +0.00000000000000e+00
  			  +0.00000000000000e+00
  			  +0.00000000000000e+00
  			  +0.00000000000000e+00
  			  +0.00000000000000e+00
  			  +0.00000000000000e+00
  			  +0.00000000000000e+00
  			  +0.00000000000000e+00
  			  +0.00000000000000e+00
  			  +0.00000000000000e+00
  			  +0.00000000000000e+00
  objectives
  			  +7.50206167017521e+05
  
  iteration                                    1
  x                   	  +2.13200716355610e-01
  			  -2.13200716355610e-01
  			  -2.13200716355610e-01
  			  -2.13200716355610e-01
  			  -2.13200716355610e-01
  			  +2.13200716355610e-01
  			  +2.13200716355610e-01
  			  +2.13200716355610e-01
  			  +2.13200716355610e-01
  			  +2.13200716355610e-01
  			  +2.13200716355610e-01
  			  +2.13200716355610e-01
  			  +2.13200716355610e-01
  			  +2.13200716355610e-01
  			  +2.13200716355610e-01
  			  +2.13200716355610e-01
  			  +2.13200716355610e-01
  			  -2.13200716355610e-01
  			  -2.13200716355610e-01
  			  -2.13200716355610e-01
  			  -2.13200716355610e-01
  			  +2.13200716355610e-01
  objectives
  			  +6.88101680237837e+05
  step                     +1.00000000000000e+00
  d0norm                   +1.00000000000000e+00
  ktnorm                   +1.00000000000000e+00
  ncallf                                       2
 
 iteration                                    2
  x                   	  +1.43655062681116e+00
  			  +1.06344937318884e+00
  			  -1.43655062681116e+00
  			  -1.43655062681116e+00
  			  -1.43655062681116e+00
  			  -1.06344937318884e+00
  			  -1.06344937318884e+00
  			  -1.06344937318884e+00
  			  -1.06344937318884e+00
  			  -1.06344937318884e+00
  			  -1.06344937318884e+00
  			  -1.06344937318884e+00
  			  -1.06344937318884e+00
  			  -1.06344937318884e+00
  			  -1.06344937318884e+00
  			  -1.06344937318884e+00
  			  -1.06344937318884e+00
  			  +1.06344937318884e+00
  			  -1.43655062681116e+00
  			  +1.06344937318884e+00
  			  -1.17811027347060e+00
  			  +1.43655062681116e+00
  objectives
  			  +6.66021387347503e+05
  step                     +1.25000000000000e-01
  d0norm                   +4.68926209911209e+01
  ktnorm                   +7.89864043302712e+04
  ncallf                                       6
 
 iteration                                    3
  x                   	  +3.57741297010837e+00
  			  -1.70241297010837e+00
  			  -3.57741297010837e+00
  			  -3.57741297010837e+00
  			  -3.57741297010837e+00
  			  +1.70241297010837e+00
  			  +1.70241297010837e+00
  			  +1.70241297010837e+00
  			  +1.70241297010837e+00
  			  +1.70241297010837e+00
  			  +1.70241297010837e+00
  			  +1.70241297010837e+00
  			  +1.70241297010837e+00
  			  +1.70241297010837e+00
  			  +1.70241297010837e+00
  			  +1.70241297010837e+00
  			  +1.70241297010837e+00
  			  -1.70241297010837e+00
  			  -3.57741297010837e+00
  			  -1.70241297010837e+00
  			  -3.38358270510295e+00
  			  +3.57741297010837e+00
  objectives
  			  +6.15282459204144e+05
  step                     +2.50000000000000e-01
  d0norm                   +4.85161870909776e+01
  ktnorm                   +1.57647650076386e+04
  ncallf                                       9
 
 iteration                                    4
  x                   	  +3.15311881479248e+00
  			  -1.76252917885208e+00
  			  -3.77811881479248e+00
  			  -3.77811881479248e+00
  			  -3.77811881479248e+00
  			  +1.96171256479248e+00
  			  +1.96171256479248e+00
  			  +1.96171256479248e+00
  			  +1.96171256479248e+00
  			  +1.96171256479248e+00
  			  +1.96171256479248e+00
  			  +1.96171256479248e+00
  			  +1.96171256479248e+00
  			  +1.96171256479248e+00
  			  +1.96171256479248e+00
  			  +1.96171256479248e+00
  			  +1.96171256479248e+00
  			  -1.96171256479248e+00
  			  -3.77811881479248e+00
  			  -1.33671256479248e+00
  			  -3.59034574556848e+00
  			  +3.72955715210213e+00
  objectives
  			  +6.10811849774626e+05
  step                     +3.12500000000000e-02
  d0norm                   +3.81119605582895e+01
  ktnorm                   +5.11229897218063e+04
  ncallf                                      15
 
 iteration                                    5
  x                   	  +2.75075640321588e+00
  			  -1.02737110517383e+00
  			  -2.91698638886795e+00
  			  -2.91698638886795e+00
  			  -3.34036769990278e+00
  			  +2.46410552949295e+00
  			  +2.46410552949295e+00
  			  +2.46410552949295e+00
  			  +2.46410552949295e+00
  			  +2.46410552949295e+00
  			  +2.46410552949295e+00
  			  +2.46410552949295e+00
  			  +2.46410552949295e+00
  			  +2.46410552949295e+00
  			  +2.46410552949295e+00
  			  +2.46410552949295e+00
  			  +2.46410552949295e+00
  			  -1.21410552949295e+00
  			  -3.40286769989240e+00
  			  -6.28168029492952e-01
  			  -2.74094913647045e+00
  			  +2.87145983009574e+00
  objectives
  			  +5.71511865064874e+05
  step                     +6.25000000000000e-02
  d0norm                   +4.54395267423316e+01
  ktnorm                   +1.10399589827136e+04
  ncallf                                      20
 
 iteration                                    6
  x                   	  +1.38163913682008e+00
  			  +2.30964731939630e-01
  			  -1.30236309025946e+00
  			  -1.30236309025946e+00
  			  -1.67282173741493e+00
  			  +9.06092338306334e-01
  			  +9.06092338306334e-01
  			  +9.06092338306334e-01
  			  +9.06092338306334e-01
  			  +9.06092338306334e-01
  			  +9.06092338306334e-01
  			  +9.06092338306334e-01
  			  +9.06092338306334e-01
  			  +9.06092338306334e-01
  			  +9.06092338306334e-01
  			  +9.06092338306334e-01
  			  +9.06092338306334e-01
  			  -2.31234233830633e+00
  			  -1.72750923740585e+00
  			  +7.00352974193667e-01
  			  -1.14833049441165e+00
  			  +1.51511295941241e+00
  objectives
  			  +5.47714297186368e+05
  step                     +1.25000000000000e-01
  d0norm                   +5.69830896127270e+01
  ktnorm                   +2.43336081490569e+04
  ncallf                                      24
 
 iteration                                    7
  x                   	  +1.28109430181227e+00
  			  +9.80070815446779e-02
  			  -1.57416424368885e+00
  			  -9.49164243688850e-01
  			  -1.93304605812071e+00
  			  +5.65276952734261e-01
  			  +5.65276952734261e-01
  			  +5.65276952734261e-01
  			  +1.19027695273426e+00
  			  +1.19027695273426e+00
  			  +1.19027695273426e+00
  			  +5.65276952734261e-01
  			  +1.19027695273426e+00
  			  +1.19027695273426e+00
  			  +1.19027695273426e+00
  			  +1.19027695273426e+00
  			  +5.65276952734261e-01
  			  -1.92758164023426e+00
  			  -1.98602457373692e+00
  			  +3.65966943750115e-01
  			  -7.99945166461283e-01
  			  +1.40692538702776e+00
  objectives
  			  +5.44614921457630e+05
  step                     +3.12500000000000e-02
  d0norm                   +4.41088720779112e+01
  ktnorm                   +4.30438722027781e+04
  ncallf                                      30
 
 iteration                                    8
  x                   	  +1.82602590794900e+00
  			  +1.06227056377483e-01
  			  -2.10077897845830e+00
  			  -1.51484147845830e+00
  			  -2.43723067948817e+00
  			  +8.39932036514018e-01
  			  -9.50528568116307e-02
  			  -9.50528568116307e-02
  			  +1.50295002625342e+00
  			  +4.90884643188369e-01
  			  +4.90884643188369e-01
  			  -9.50528568116307e-02
  			  +1.74088464318837e+00
  			  +1.74088464318837e+00
  			  +4.90884643188369e-01
  			  +4.90884643188369e-01
  			  -3.43804439262132e-02
  			  -1.18210778771962e+00
  			  -2.48689803787836e+00
  			  -2.81905990234268e-01
  			  -1.37494859355745e+00
  			  +1.81670979001094e+00
  objectives
  			  +5.27903959334263e+05
  step                     +6.25000000000000e-02
  d0norm                   +4.31622421564623e+01
  ktnorm                   +3.12539878414691e+04
  ncallf                                      35
 
 iteration                                    9
  x                   	  +2.12072823285206e+00
  			  -5.25412134646110e-01
  			  -1.34448029230465e+00
  			  -1.14552892465885e+00
  			  -2.90990376202016e+00
  			  +7.03897693398256e-01
  			  +5.35887946739096e-01
  			  +5.35887946739096e-01
  			  +7.84015649612585e-01
  			  +1.08520435298910e+00
  			  +1.08520435298910e+00
  			  +5.35887946739096e-01
  			  +1.00707935298910e+00
  			  +1.00707935298910e+00
  			  +1.08520435298910e+00
  			  +1.08520435298910e+00
  			  +5.92768333819175e-01
  			  -4.83226050987143e-01
  			  -2.95646691051097e+00
  			  -4.05457684685900e-02
  			  -1.91401430646011e+00
  			  +2.06165545482147e+00
  objectives
  			  +5.22096007233603e+05
  step                     +6.25000000000000e-02
  d0norm                   +4.27776179608543e+01
  ktnorm                   +5.68024239450783e+03
  ncallf                                      40
 
 iteration                                   10
  x                   	  +2.03353415372699e+00
  			  -8.16120339434995e-01
  			  -1.61496528317013e+00
  			  -1.42223114576326e+00
  			  -3.13146926945703e+00
  			  +5.36994195699702e-01
  			  +8.31641448403500e-01
  			  +8.31641448403500e-01
  			  +1.07201516056219e+00
  			  +7.38791716958187e-01
  			  +7.38791716958187e-01
  			  +8.31641448403500e-01
  			  +6.63108123208187e-01
  			  +1.28810812320819e+00
  			  +7.38791716958187e-01
  			  +7.38791716958187e-01
  			  +8.86744323387326e-01
  			  -5.96414680953329e-01
  			  -3.17657731955750e+00
  			  -6.98687553522299e-02
  			  -1.54170135938323e+00
  			  +1.97602590295538e+00
  objectives
  			  +5.21737754650296e+05
  step                     +3.12500000000000e-02
  d0norm                   +4.09291640359472e+01
  ktnorm                   +1.32847233736463e+04
  ncallf                                      46
 
 iteration                                   11
  x                   	  +2.02782054617568e+00
  			  -7.15951602892891e-01
  			  -1.50910519226063e+00
  			  -1.24375878411071e+00
  			  -3.23879006212176e+00
  			  +6.19277321753878e-01
  			  +9.74897050772195e-01
  			  +9.74897050772195e-01
  			  +8.99014923678407e-01
  			  +7.82498117550411e-01
  			  +5.70998096380715e-01
  			  +9.74897050772195e-01
  			  +4.96497058783059e-01
  			  +1.11173143378306e+00
  			  +8.83498096380715e-01
  			  +5.70998096380715e-01
  			  +1.02913894333440e+00
  			  -7.43345701563433e-01
  			  -3.28319329893941e+00
  			  -1.89856105158403e-01
  			  -1.36136227564287e+00
  			  +1.98675747241505e+00
  objectives
  			  +5.21254085694047e+05
  step                     +1.56250000000000e-02
  d0norm                   +4.05379666159273e+01
  ktnorm                   +1.46516095994075e+04
  ncallf                                      53
 
 iteration                                   12
  x                   	  +2.02331003346643e+00
  			  -8.61014859097689e-01
  			  -1.32927542363156e+00
  			  -1.38057505310898e+00
  			  -3.03193396740111e+00
  			  +7.65851113601473e-01
  			  +8.03414284353879e-01
  			  +9.58494269445491e-01
  			  +1.04121781549593e+00
  			  +9.26521584463686e-01
  			  +7.18326251124767e-01
  			  +1.11591428435388e+00
  			  +6.44989292239574e-01
  			  +1.10784714186630e+00
  			  +7.54031526815576e-01
  			  +7.18326251124767e-01
  			  +8.56808647344799e-01
  			  -8.87980924976505e-01
  			  -3.07564340364348e+00
  			  -1.36520022735601e-01
  			  -1.18384099008595e+00
  			  +2.01641653820159e+00
  objectives
  			  +5.20554210272512e+05
  step                     +1.56250000000000e-02
  d0norm                   +4.23605629347124e+01
  ktnorm                   +1.27746549251763e+04
  ncallf                                      60
 
 iteration                                   13
  x                   	  +1.97614777630561e+00
  			  -9.07716908191915e-01
  			  -1.46475549513732e+00
  			  -1.40693739747146e+00
  			  -2.82830999916047e+00
  			  +7.71285778328779e-01
  			  +9.47110936160850e-01
  			  +1.00414979200615e+00
  			  +9.48784122312622e-01
  			  +7.55794684706441e-01
  			  +8.63352403450942e-01
  			  +9.42228123660850e-01
  			  +7.91161334548331e-01
  			  +1.24678703027464e+00
  			  +8.98499784209083e-01
  			  +8.63352403450942e-01
  			  +9.99671012230037e-01
  			  -1.01557660522576e+00
  			  -2.87133647546155e+00
  			  -1.74203276537683e-01
  			  -1.32159347461586e+00
  			  +1.98843509173938e+00
  objectives
  			  +5.20293147557966e+05
  step                     +1.56250000000000e-02
  d0norm                   +3.83336126485286e+01
  ktnorm                   +9.39372346584872e+03
  ncallf                                      67
 
 iteration                                   14
  x                   	  +1.99947534471472e+00
  			  -8.19577891198215e-01
  			  -1.59811869052580e+00
  			  -1.22870400063597e+00
  			  -2.94036765542358e+00
  			  +9.04625474090517e-01
  			  +1.08856232778334e+00
  			  +8.32209951506056e-01
  			  +1.07899105751657e+00
  			  +8.46531366478517e-01
  			  +8.01381775765865e-01
  			  +7.71255809228649e-01
  			  +9.35049438696013e-01
  			  +1.07105598292660e+00
  			  +1.04071072508082e+00
  			  +1.00611252214702e+00
  			  +1.14030115266394e+00
  			  -8.43458220769106e-01
  			  -2.95584728714973e+00
  			  -4.68833059101356e-02
  			  -1.14469357657498e+00
  			  +2.01683464057969e+00
  objectives
  			  +5.19632397725220e+05
  step                     +1.56250000000000e-02
  d0norm                   +4.01253130030408e+01
  ktnorm                   +8.07644900170753e+03
  ncallf                                      74
 
 iteration                                   15
  x                   	  +1.85630538208837e+00
  			  -6.50521986648243e-01
  			  -1.52587670986446e+00
  			  -1.36575550062603e+00
  			  -3.05067441080759e+00
  			  +8.59014211786441e-01
  			  +9.15303541411722e-01
  			  +9.13206240956412e-01
  			  +9.05881822242877e-01
  			  +9.38902914505614e-01
  			  +8.66108152057473e-01
  			  +8.26381350035351e-01
  			  +1.07668929121639e+00
  			  +1.21057073319337e+00
  			  +8.68199620001428e-01
  			  +8.34142013988474e-01
  			  +9.66233947153568e-01
  			  -6.74029186069589e-01
  			  -3.06591217328802e+00
  			  -1.61268103071648e-01
  			  -1.28305773944100e+00
  			  +1.88798742786978e+00
  objectives
  			  +5.19031544263233e+05
  step                     +1.56250000000000e-02
  d0norm                   +3.98881926286265e+01
  ktnorm                   +4.31428227034250e+03
  ncallf                                      81
 
 iteration                                   16
  x                   	  +1.85618777133023e+00
  			  -4.84107580606864e-01
  			  -1.65828488627283e+00
  			  -1.50066557092875e+00
  			  -3.15925762313872e+00
  			  +8.44177352032698e-01
  			  +9.32575457432841e-01
  			  +8.54651790360897e-01
  			  +1.04797741877033e+00
  			  +1.08048255646646e+00
  			  +9.67305633930928e-01
  			  +9.69719141441048e-01
  			  +9.70310640882621e-01
  			  +1.03540556548722e+00
  			  +1.01088400093891e+00
  			  +9.77358545019904e-01
  			  +9.58532487754363e-01
  			  -8.13491042490634e-01
  			  -3.17425729558039e+00
  			  -1.50935044765479e-01
  			  -1.41925996226223e+00
  			  +1.88499150468889e+00
  objectives
  			  +5.18739336125237e+05
  step                     +1.56250000000000e-02
  d0norm                   +3.40447431371457e+01
  ktnorm                   +4.00581564800944e+03
  ncallf                                      88
 
 iteration                                   17
  x                   	  +1.94148935926462e+00
  			  -3.83787387161780e-01
  			  -1.78862418492482e+00
  			  -1.39697548038124e+00
  			  -3.26614422277718e+00
  			  +9.23371497362362e-01
  			  +7.61753965910453e-01
  			  +9.97547856136508e-01
  			  +9.64207408154593e-01
  			  +1.07295833135808e+00
  			  +1.10844148340076e+00
  			  +1.11081727985603e+00
  			  +1.11139953711883e+00
  			  +1.17547735352649e+00
  			  +1.15133893842424e+00
  			  +1.09058263680410e+00
  			  +8.57610652090008e-01
  			  -7.86660828421926e-01
  			  -3.28090952533695e+00
  			  -1.39371646844415e-02
  			  -1.24083402535189e+00
  			  +1.96048304003898e+00
  objectives
  			  +5.18659820160207e+05
  step                     +1.56250000000000e-02
  d0norm                   +3.56299378182493e+01
  ktnorm                   +3.71918357041372e+03
  ncallf                                      95
 
 iteration                                   18
  x                   	  +1.98635471331023e+00
  			  -3.29656886321998e-01
  			  -1.69652555848009e+00
  			  -1.30793660944076e+00
  			  -3.31875247103673e+00
  			  +9.60090718282928e-01
  			  +8.33927763051778e-01
  			  +1.06358265241190e+00
  			  +1.01524905978212e+00
  			  +1.14270084439435e+00
  			  +1.17790678431169e+00
  			  +1.02401401985716e+00
  			  +1.18084172823509e+00
  			  +1.24441893670206e+00
  			  +1.06920568491837e+00
  			  +1.10809044730007e+00
  			  +8.83485493570277e-01
  			  -8.06127323652214e-01
  			  -3.33340241967025e+00
  			  +5.80094408879344e-02
  			  -1.22567676253638e+00
  			  +2.00297557355450e+00
  objectives
  			  +5.18577173376575e+05
  step                     +7.81250000000000e-03
  d0norm                   +3.67677306702786e+01
  ktnorm                   +2.92514912803760e+03
  ncallf                                     103
 
 iteration                                   19
  x                   	  +1.95957610334657e+00
  			  -3.47351962038793e-01
  			  -1.60514645255447e+00
  			  -1.37584335467950e+00
  			  -3.32580932293396e+00
  			  +9.19138498015158e-01
  			  +7.90340125527236e-01
  			  +9.77148412939934e-01
  			  +9.75270626721823e-01
  			  +1.05564849404752e+00
  			  +1.09057938755925e+00
  			  +9.37888910327023e-01
  			  +1.14026050299775e+00
  			  +1.25547422825673e+00
  			  +1.13897751550494e+00
  			  +1.14497940712626e+00
  			  +8.09932256596693e-01
  			  -8.65275603477231e-01
  			  -3.30727452925485e+00
  			  +5.70265134790522e-02
  			  -1.25392447081697e+00
  			  +1.97467163642971e+00
  objectives
  			  +5.18505402151288e+05
  step                     +7.81250000000000e-03
  d0norm                   +3.35004516338521e+01
  ktnorm                   +2.48461556904897e+03
  ncallf                                     111
 
 iteration                                   20
  x                   	  +1.96016292986660e+00
  			  -3.48048641338680e-01
  			  -1.58953029570137e+00
  			  -1.35146511651044e+00
  			  -3.27375538026625e+00
  			  +9.14354857646953e-01
  			  +7.56545547101612e-01
  			  +9.34268926951887e-01
  			  +9.81599133871810e-01
  			  +1.01246236711764e+00
  			  +1.12538181182660e+00
  			  +9.73287781771058e-01
  			  +1.16017538372936e+00
  			  +1.21150753205260e+00
  			  +1.10849919139097e+00
  			  +1.10144433131717e+00
  			  +8.45830958719362e-01
  			  -8.74805791396929e-01
  			  -3.25529298812495e+00
  			  +6.54542948228972e-02
  			  -1.26838455313439e+00
  			  +1.97548885289773e+00
  objectives
  			  +5.18487715719796e+05
  step                     +3.90625000000000e-03
  d0norm                   +3.65980702741182e+01
  ktnorm                   +2.06087386695280e+03
  ncallf                                     120
 
 iteration                                   21
  x                   	  +1.96574107334553e+00
  			  -3.43440740173295e-01
  			  -1.59469854341830e+00
  			  -1.36835678620475e+00
  			  -3.24783007678916e+00
  			  +9.17421229795673e-01
  			  +7.74599169079929e-01
  			  +9.19234002734909e-01
  			  +9.67250403414601e-01
  			  +1.03001615155687e+00
  			  +1.13833484713099e+00
  			  +9.66944434810303e-01
  			  +1.15268518460971e+00
  			  +1.22867255640406e+00
  			  +1.11072405793142e+00
  			  +1.07976182285757e+00
  			  +8.55634525153189e-01
  			  -8.71994507246597e-01
  			  -3.22940374400752e+00
  			  +7.07576047862100e-02
  			  -1.24975882804914e+00
  			  +1.98067879026481e+00
  objectives
  			  +5.18485687833814e+05
  step                     +1.95312500000000e-03
  d0norm                   +3.36598677334419e+01
  ktnorm                   +1.88714773256130e+03
  ncallf                                     130
 
 iteration                                   22
  x                   	  +2.02708544377833e+00
  			  -2.83784204610277e-01
  			  -1.53681816742662e+00
  			  -1.30177945810793e+00
  			  -3.14433140431425e+00
  			  +9.75920040362609e-01
  			  +8.30735431129891e-01
  			  +9.79000478289055e-01
  			  +1.03016851057153e+00
  			  +1.10003788008622e+00
  			  +1.17803640624102e+00
  			  +1.03751518141335e+00
  			  +1.22180483160494e+00
  			  +1.29719855205716e+00
  			  +1.16982667265509e+00
  			  +1.14945118361649e+00
  			  +9.21929548628195e-01
  			  -8.10205309040144e-01
  			  -3.12604902725746e+00
  			  +1.33190836894036e-01
  			  -1.19741404363496e+00
  			  +2.04261645450719e+00
  objectives
  			  +5.18479016727044e+05
  step                     +7.81250000000000e-03
  d0norm                   +4.01872385302222e+01
  ktnorm                   +1.78416085788801e+03
  ncallf                                     138
 
 iteration                                   23
  x                   	  +2.03698929727202e+00
  			  -2.71844103555491e-01
  			  -1.52769251181804e+00
  			  -1.28723242948910e+00
  			  -3.11865888204020e+00
  			  +9.87084229215522e-01
  			  +8.47690078763627e-01
  			  +9.91134767355630e-01
  			  +1.04768771269932e+00
  			  +1.09934123915942e+00
  			  +1.19526680388508e+00
  			  +1.03950213636347e+00
  			  +1.19988724404321e+00
  			  +1.30359279526069e+00
  			  +1.17528624870071e+00
  			  +1.16035771947032e+00
  			  +9.12036259215914e-01
  			  -7.95257982689230e-01
  			  -3.10041221275110e+00
  			  +1.40949821999127e-01
  			  -1.18664360681786e+00
  			  +2.05269099063852e+00
  objectives
  			  +5.18476308031510e+05
  step                     +1.95312500000000e-03
  d0norm                   +3.35290805851505e+01
  ktnorm                   +1.66349610961742e+03
  ncallf                                     148
 
 iteration                                   24
  x                   	  +2.05420192258512e+00
  			  -2.77285808569260e-01
  			  -1.50554322472947e+00
  			  -1.29536454071420e+00
  			  -3.06521004106359e+00
  			  +9.88838742896169e-01
  			  +9.19192500023286e-01
  			  +1.03905094192261e+00
  			  +1.10467494979563e+00
  			  +1.10482708340848e+00
  			  +1.18628778871278e+00
  			  +1.00765126967440e+00
  			  +1.26638860514456e+00
  			  +1.22574505529815e+00
  			  +1.24422932488274e+00
  			  +1.07316742478695e+00
  			  +8.88025542323700e-01
  			  -7.60013306919568e-01
  			  -3.14477289108396e+00
  			  +1.55589991734937e-01
  			  -1.16543810347753e+00
  			  +2.06843992008696e+00
  objectives
  			  +5.18454093249297e+05
  step                     +7.81250000000000e-03
  d0norm                   +2.65612697642252e+01
  ktnorm                   +1.65224531614932e+03
  ncallf                                     156
 
 iteration                                   25
  x                   	  +2.00830381336491e+00
  			  -3.60200507852168e-01
  			  -1.55957465600581e+00
  			  -1.36366198042001e+00
  			  -3.17356613417198e+00
  			  +9.11717649247481e-01
  			  +7.57898678130104e-01
  			  +9.82125901247284e-01
  			  +1.09920573365075e+00
  			  +1.04905129250118e+00
  			  +1.02588100067499e+00
  			  +8.46539196940176e-01
  			  +1.09035128318918e+00
  			  +1.12951721951737e+00
  			  +1.06853824168145e+00
  			  +1.05174868716473e+00
  			  +1.03040014322489e+00
  			  -7.55946217499450e-01
  			  -3.25188581466078e+00
  			  +8.19123199285540e-02
  			  -1.20030660395846e+00
  			  +2.01771909619795e+00
  objectives
  			  +5.18409768651956e+05
  step                     +1.56250000000000e-02
  d0norm                   +3.07526950030564e+01
  ktnorm                   +1.12787568935772e+03
  ncallf                                     163
 
 iteration                                   26
  x                   	  +1.94809076495284e+00
  			  -4.58219757053296e-01
  			  -1.64885120443110e+00
  			  -1.36606460701298e+00
  			  -3.28022916332554e+00
  			  +8.34019534156563e-01
  			  +9.02306511284322e-01
  			  +8.38829034493889e-01
  			  +1.03216993200262e+00
  			  +9.81893347137473e-01
  			  +8.81451447141765e-01
  			  +8.64236135753453e-01
  			  +1.02989028128507e+00
  			  +1.10852576678988e+00
  			  +8.95592331655172e-01
  			  +1.00588243916923e+00
  			  +8.74365336769747e-01
  			  -8.01630633273153e-01
  			  -3.35732509880670e+00
  			  +1.79772175279399e-02
  			  -1.29271002218864e+00
  			  +1.95537276037021e+00
  objectives
  			  +5.18404705373665e+05
  step                     +1.56250000000000e-02
  d0norm                   +2.86476208116614e+01
  ktnorm                   +8.55232431372761e+02
  ncallf                                     170
 
 iteration                                   27
  x                   	  +1.99811876958269e+00
  			  -4.13955749566400e-01
  			  -1.55918444713322e+00
  			  -1.28810715196802e+00
  			  -3.38522558264858e+00
  			  +8.89520014761072e-01
  			  +9.66036730472249e-01
  			  +8.63402164885786e-01
  			  +1.11923314727772e+00
  			  +1.03083169471635e+00
  			  +9.45151699001404e-01
  			  +9.33950813755492e-01
  			  +1.04642082318138e+00
  			  +1.24745505168379e+00
  			  +1.00614413276666e+00
  			  +9.90467990709481e-01
  			  +9.68238093621348e-01
  			  -7.36038233807351e-01
  			  -3.42394778563362e+00
  			  +6.48498538986217e-02
  			  -1.25081952863771e+00
  			  +2.00473054458602e+00
  objectives
  			  +5.18397932969356e+05
  step                     +1.56250000000000e-02
  d0norm                   +2.14392691993020e+01
  ktnorm                   +1.31843036801778e+03
  ncallf                                     177
 
 iteration                                   28
  x                   	  +2.01542579616513e+00
  			  -3.92554536425515e-01
  			  -1.53247164295885e+00
  			  -1.28303646374997e+00
  			  -3.41106454521636e+00
  			  +9.05245008676936e-01
  			  +1.00132564949384e+00
  			  +8.80729159308613e-01
  			  +1.13315196171954e+00
  			  +1.03908836346619e+00
  			  +9.70673661880825e-01
  			  +9.54160231411803e-01
  			  +1.07452887492076e+00
  			  +1.25318134247619e+00
  			  +1.01409953297577e+00
  			  +1.02460132054867e+00
  			  +9.91882850936725e-01
  			  -7.14519362067237e-01
  			  -3.40199615302247e+00
  			  +7.78515458918264e-02
  			  -1.22175316663022e+00
  			  +2.02156356317955e+00
  objectives
  			  +5.18397333868856e+05
  step                     +3.90625000000000e-03
  d0norm                   +2.57677346717207e+01
  ktnorm                   +1.13687397914981e+03
  ncallf                                     186
 
 iteration                                   29
  x                   	  +2.01129716276555e+00
  			  -3.97402468330410e-01
  			  -1.53922443809824e+00
  			  -1.28645776456645e+00
  			  -3.46254060345685e+00
  			  +9.01651671237973e-01
  			  +9.92655045802571e-01
  			  +8.80005535237415e-01
  			  +1.13009519661335e+00
  			  +1.03733698124968e+00
  			  +9.66332543210740e-01
  			  +9.48172149103404e-01
  			  +1.07171566496511e+00
  			  +1.24589089009722e+00
  			  +1.01464351341273e+00
  			  +1.01404846024514e+00
  			  +9.84041133256515e-01
  			  -7.19808866531864e-01
  			  -3.33993019192919e+00
  			  +7.47397883823765e-02
  			  -1.22848600838321e+00
  			  +2.01765155290196e+00
  objectives
  			  +5.18396017131424e+05
  step                     +7.81250000000000e-03
  d0norm                   +1.07764015656807e+01
  ktnorm                   +1.15287005769673e+03
  ncallf                                     194
 
 iteration                                   30
  x                   	  +2.01746949452596e+00
  			  -3.28834257069412e-01
  			  -1.49929015249791e+00
  			  -1.32382036820956e+00
  			  -3.21821631715934e+00
  			  +9.53193043278075e-01
  			  +8.73604919699339e-01
  			  +9.38608132929470e-01
  			  +1.09775929259364e+00
  			  +1.06193238907380e+00
  			  +1.10883179299179e+00
  			  +9.77222663263042e-01
  			  +1.15261297131131e+00
  			  +1.21094764402203e+00
  			  +1.13642349564800e+00
  			  +1.07278096436352e+00
  			  +9.74595836195145e-01
  			  -7.55614664392129e-01
  			  -3.26832943548664e+00
  			  +9.64015453633456e-02
  			  -1.22145683175501e+00
  			  +2.03125002208583e+00
  objectives
  			  +5.18363371653139e+05
  step                     +1.25000000000000e-01
  d0norm                   +3.03299995198048e+00
  ktnorm                   +1.13439071920834e+03
  ncallf                                     198
 
 iteration                                   31
  x                   	  +2.02663048240156e+00
  			  -3.45884944725473e-01
  			  -1.52259647212661e+00
  			  -1.30118067755323e+00
  			  -3.26081678297471e+00
  			  +9.43300070222921e-01
  			  +9.30641874085943e-01
  			  +9.37186092919961e-01
  			  +1.11490101250451e+00
  			  +1.06839499859860e+00
  			  +1.05776337109694e+00
  			  +9.73616293006467e-01
  			  +1.13436954007017e+00
  			  +1.26029583640637e+00
  			  +1.08618323311838e+00
  			  +1.07396859117474e+00
  			  +9.76935224689069e-01
  			  -7.36229286534992e-01
  			  -3.26019398838627e+00
  			  +1.05163152694220e-01
  			  -1.21400523364811e+00
  			  +2.03794562480230e+00
  objectives
  			  +5.18341172778106e+05
  step                     +1.00000000000000e+00
  d0norm                   +1.24390617994615e-01
  ktnorm                   +7.67313550010674e+02
  ncallf                                     199
 
 iteration                                   32
  x                   	  +2.01079322452459e+00
  			  -3.59610646494521e-01
  			  -1.53766039751988e+00
  			  -1.31772650044120e+00
  			  -3.30206635412315e+00
  			  +9.27591528745973e-01
  			  +9.12103505840222e-01
  			  +9.23196682465325e-01
  			  +1.09854941650345e+00
  			  +1.05209467170698e+00
  			  +1.04235029105215e+00
  			  +9.54232975274981e-01
  			  +1.11852936413608e+00
  			  +1.23914110970726e+00
  			  +1.06968516561372e+00
  			  +1.05550471165210e+00
  			  +9.64182384993997e-01
  			  -7.51561042510897e-01
  			  -3.30078267685194e+00
  			  +8.86205737629820e-02
  			  -1.22973134250321e+00
  			  +2.02204761534305e+00
  objectives
  			  +5.18340911691291e+05
  step                     +5.00000000000000e-01
  d0norm                   +1.86593669206120e-01
  ktnorm                   +4.13816789547961e+01
  ncallf                                     201
 
 iteration                                   33
  x                   	  +2.01617734072470e+00
  			  -3.54268626673430e-01
  			  -1.53082152598104e+00
  			  -1.31227462829497e+00
  			  -3.28635725092410e+00
  			  +9.33707651444178e-01
  			  +9.19239793495553e-01
  			  +9.27563684587065e-01
  			  +1.10417831819915e+00
  			  +1.05720703593913e+00
  			  +1.04904866596775e+00
  			  +9.60495859777618e-01
  			  +1.12437289167247e+00
  			  +1.24480012053434e+00
  			  +1.07755984000501e+00
  			  +1.06039484279789e+00
  			  +9.69125018626285e-01
  			  -7.45787558368666e-01
  			  -3.28869399645736e+00
  			  +9.37007340662731e-02
  			  -1.22623733686663e+00
  			  +2.02755883190595e+00
  objectives
  			  +5.18340818222274e+05
  step                     +1.00000000000000e+00
  d0norm                   +3.24729971876521e-02
  ktnorm                   +2.70071685553139e+01
  ncallf                                     202
 
 iteration                                   34
  x                   	  +2.01605669329601e+00
  			  -3.54655595128334e-01
  			  -1.53112407430319e+00
  			  -1.31277586512918e+00
  			  -3.28654135586260e+00
  			  +9.33573707029154e-01
  			  +9.19009951751159e-01
  			  +9.27752130760162e-01
  			  +1.10421725367757e+00
  			  +1.05702365623609e+00
  			  +1.04917510607655e+00
  			  +9.60604408558652e-01
  			  +1.12419289330772e+00
  			  +1.24492064204996e+00
  			  +1.07719211860176e+00
  			  +1.06068555662994e+00
  			  +9.69038864682453e-01
  			  -7.46063130651641e-01
  			  -3.28867797050028e+00
  			  +9.39187756814918e-02
  			  -1.22610889248058e+00
  			  +2.02743302247752e+00
  objectives
  			  +5.18340816951874e+05
  step                     +1.00000000000000e+00
  d0norm                   +1.06785257936079e-03
  ktnorm                   +4.92674759940846e+00
  ncallf                                     203
 
 iteration                                   35
  x                   	  +2.01604775175183e+00
  			  -3.54531478666188e-01
  			  -1.53115940923010e+00
  			  -1.31276014343982e+00
  			  -3.28666782103739e+00
  			  +9.33574056387491e-01
  			  +9.19028285354866e-01
  			  +9.27728747813935e-01
  			  +1.10409863695706e+00
  			  +1.05697785446077e+00
  			  +1.04901252724593e+00
  			  +9.60555964865298e-01
  			  +1.12418648820692e+00
  			  +1.24488889791297e+00
  			  +1.07712283257556e+00
  			  +1.06053622793696e+00
  			  +9.69037692832616e-01
  			  -7.46018205382082e-01
  			  -3.28874431500678e+00
  			  +9.38616598525187e-02
  			  -1.22622274589513e+00
  			  +2.02742816832042e+00
  objectives
  			  +5.18340816716172e+05
  step                     +1.00000000000000e+00
  d0norm                   +3.60029683717213e-04
  ktnorm                   +1.96525781341035e+00
  ncallf                                     204
 
 iteration                                   36
  x                   	  +2.01605854342054e+00
  			  -3.54544804310217e-01
  			  -1.53113432722205e+00
  			  -1.31277058380743e+00
  			  -3.28668758963278e+00
  			  +9.33590954451859e-01
  			  +9.19041472008100e-01
  			  +9.27726792274195e-01
  			  +1.10410741016547e+00
  			  +1.05697944572444e+00
  			  +1.04902191913813e+00
  			  +9.60560093011112e-01
  			  +1.12418485416941e+00
  			  +1.24487850745278e+00
  			  +1.07713834973478e+00
  			  +1.06053685236519e+00
  			  +9.69051912933147e-01
  			  -7.46005789468156e-01
  			  -3.28878042388037e+00
  			  +9.38633843172425e-02
  			  -1.22624964280988e+00
  			  +2.02743798480977e+00
  objectives
  			  +5.18340816707556e+05
  step                     +1.00000000000000e+00
  d0norm                   +7.00410438074509e-05
  ktnorm                   +4.37722816054168e-01
  ncallf                                     205
 
 iteration                                   37
  x                   	  +2.01606113741113e+00
  			  -3.54539763177088e-01
  			  -1.53113446972865e+00
  			  -1.31277450149767e+00
  			  -3.28668110897746e+00
  			  +9.33594983859080e-01
  			  +9.19045660922722e-01
  			  +9.27734233749810e-01
  			  +1.10411157643235e+00
  			  +1.05697901120233e+00
  			  +1.04902375797052e+00
  			  +9.60569472042401e-01
  			  +1.12418666486235e+00
  			  +1.24488428918092e+00
  			  +1.07713787302589e+00
  			  +1.06053818758065e+00
  			  +9.69055725366830e-01
  			  -7.46002277584418e-01
  			  -3.28877609320431e+00
  			  +9.38717277999764e-02
  			  -1.22624792515464e+00
  			  +2.02744115680564e+00
  objectives
  			  +5.18340816707086e+05
  step                     +1.00000000000000e+00
  d0norm                   +2.13196504056533e-05
  ktnorm                   +1.09291117368094e-01
  ncallf                                     206
 
 iteration                                   38
  inform                                       0
  x                   	  +2.01606113741113e+00
  			  -3.54539763177088e-01
  			  -1.53113446972865e+00
  			  -1.31277450149767e+00
  			  -3.28668110897746e+00
  			  +9.33594983859080e-01
  			  +9.19045660922722e-01
  			  +9.27734233749810e-01
  			  +1.10411157643235e+00
  			  +1.05697901120233e+00
  			  +1.04902375797052e+00
  			  +9.60569472042401e-01
  			  +1.12418666486235e+00
  			  +1.24488428918092e+00
  			  +1.07713787302589e+00
  			  +1.06053818758065e+00
  			  +9.69055725366830e-01
  			  -7.46002277584418e-01
  			  -3.28877609320431e+00
  			  +9.38717277999764e-02
  			  -1.22624792515464e+00
  			  +2.02744115680564e+00
  objectives
  			  +5.18340816707086e+05
  step                     +1.00000000000000e+00
  d0norm                   +1.21366605422334e-06
  ktnorm                   +5.35213168854230e-03
  ncallf                                     206
 
 
Normal termination: You have obtained a solution !!
 Run time interval: [14:09:34,14:11:53]
 Run time: 02:19
 Estimated parameters: 
ASC_ECUE = 2.01606

ASC_FOND = -0.35454

ASC_HIP = -1.53113

ASC_PLAN = -1.31277

ASC_PRES = -3.28668

ASC_RECA = 0.933595

ASC_TJCR = 0

B_JAN = 0.919046

B_FEB = 0.927734

B_MAR = 1.10411

B_APR = 1.05698

B_MAY = 1.04902

B_JUN = 0.960569

B_JUL = 1.12419

B_AUG = 1.24488

B_SEP = 1.07714

B_OCT = 0

B_NOV = 1.06054

B_DEC = 0.969056

ASC_VALO = -0.746002

ASC_VIV = -3.28878

ASC_NOMINA = 0.0938717

ASC_NOMPENS = -1.22625

ASC_RECIBO = 2.02744


 File multinomial_logit~1_param.py created
 Directory: /home/melvin/Github/toronto/santander_choice
 --------------------------------------------------------
 Results (HTML) are available in multinomial_logit~1.html
 --------------------------------------------------------
 Results (LaTeX) are available in multinomial_logit~1.tex
 --------------------------------------------------------
