============== BHHH ===============

Size = 22
Data size = 253
[ 65456.9 -2854.07 -880.042 -1095.22 -152.089 -10354.4 -677.724 -1320.42 -1464.58 -1575.45 -1409.58 -876.546 -742.323 -647.329 -645.064 -664.422 -761.253 -1930.76 -151.909 -4466.55 -1198.93 -30910 ;
-2854.07 8704.51 -82.1703 -102.262 -14.2007 -966.801 -55.131 -116.546 -136.556 -145.999 -119.006 -81.4534 -80.129 -71.6072 -68.2338 -66.0272 -67.6594 -180.277 -14.1839 -417.045 -111.945 -2886.09 ;
-880.042 -82.1703 2740.66 -31.5321 -4.37871 -298.109 -15.1826 -32.2291 -42.9828 -42.218 -39.5075 -29.721 -21.9355 -21.0525 -24.1481 -17.9409 -21.615 -55.5875 -4.37355 -128.594 -34.5179 -889.915 ;
-1095.22 -102.262 -31.5321 3401.76 -5.44937 -371.001 -27.8886 -42.6466 -53.1262 -52.6812 -45.5484 -28.9389 -29.9355 -23.9168 -26.2533 -22.7007 -28.4823 -69.1794 -5.44294 -160.037 -42.9579 -1107.51 ;
-152.089 -14.2007 -4.37871 -5.44937 477.243 -51.5192 -2.69194 -5.42578 -6.72002 -6.32662 -6.76581 -4.91625 -5.16129 -2.57786 -6.06798 -3.4173 -3.6025 -9.60662 -0.755835 -22.2236 -5.96537 -153.795 ;
-10354.4 -966.801 -298.109 -371.001 -51.5192 29021.5 -206.849 -407.801 -420.065 -545.914 -419.964 -380.563 -295.226 -227.568 -250.645 -226.518 -253.976 -654.033 -51.4583 -1513.02 -406.13 -10470.6 ;
-677.724 -55.131 -15.1826 -27.8886 -2.69194 -206.849 1834.61 0 0 0 0 0 0 0 0 0 0 -68.6984 -3.33801 -81.7275 -27.9962 -667.387 ;
-1320.42 -116.546 -32.2291 -42.6466 -5.42578 -407.801 0 3619.43 0 0 0 0 0 0 0 0 0 -80.5185 -6.07687 -171.78 -103.307 -1332.68 ;
-1464.58 -136.556 -42.9828 -53.1262 -6.72002 -420.065 0 0 4006.27 0 0 0 0 0 0 0 0 -66.9466 -6.33964 -221 -13.8204 -1574.13 ;
-1575.45 -145.999 -42.218 -52.6812 -6.32662 -545.914 0 0 0 4162.43 0 0 0 0 0 0 0 -99.2792 -7.05661 -212.793 -106.822 -1367.89 ;
-1409.58 -119.006 -39.5075 -45.5484 -6.76581 -419.964 0 0 0 0 3635.42 0 0 0 0 0 0 -81.3106 -7.49072 -213.848 -18.2435 -1274.15 ;
-876.546 -81.4534 -29.721 -28.9389 -4.91625 -380.563 0 0 0 0 0 2269.52 0 0 0 0 0 -41.1178 -4.80452 -88.4926 -83.2411 -649.728 ;
-742.323 -80.129 -21.9355 -29.9355 -5.16129 -295.226 0 0 0 0 0 0 2104.26 0 0 0 0 -51.0968 -4.64516 -133.161 -34.4516 -706.194 ;
-647.329 -71.6072 -21.0525 -23.9168 -2.57786 -227.568 0 0 0 0 0 0 0 1864.37 0 0 0 -55.8536 -1.71857 -126.602 -8.16323 -677.977 ;
-645.064 -68.2338 -24.1481 -26.2533 -6.06798 -250.645 0 0 0 0 0 0 0 0 2039.71 0 0 -44.7049 -4.45811 -98.0784 -8.66854 -863.387 ;
-664.422 -66.0272 -17.9409 -22.7007 -3.4173 -226.518 0 0 0 0 0 0 0 0 0 1945.54 0 -36.4919 -3.29526 -112.283 -9.27555 -783.173 ;
-761.253 -67.6594 -21.615 -28.4823 -3.6025 -253.976 0 0 0 0 0 0 0 0 0 0 2111.18 -39.5149 -3.71508 -113.141 -12.8339 -805.384 ;
-1930.76 -180.277 -55.5875 -69.1794 -9.60662 -654.033 -68.6984 -80.5185 -66.9466 -99.2792 -81.3106 -41.1178 -51.0968 -55.8536 -44.7049 -36.4919 -39.5149 5943.04 -9.59528 -282.128 -75.7299 -1952.42 ;
-151.909 -14.1839 -4.37355 -5.44294 -0.755835 -51.4583 -3.33801 -6.07687 -6.33964 -7.05661 -7.49072 -4.80452 -4.64516 -1.71857 -4.45811 -3.29526 -3.71508 -9.59528 476.245 -22.1974 -5.95831 -153.613 ;
-4466.55 -417.045 -128.594 -160.037 -22.2236 -1513.02 -81.7275 -171.78 -221 -212.793 -213.848 -88.4926 -133.161 -126.602 -98.0784 -112.283 -113.141 -282.128 -22.1974 13394.3 -175.192 -4516.66 ;
-1198.93 -111.945 -34.5179 -42.9579 -5.96537 -406.13 -27.9962 -103.307 -13.8204 -106.822 -18.2435 -83.2411 -34.4516 -8.16323 -8.66854 -9.27555 -12.8339 -75.7299 -5.95831 -175.192 3704.98 -1212.38 ;
-30910 -2886.09 -889.915 -1107.51 -153.795 -10470.6 -667.387 -1332.68 -1574.13 -1367.89 -1274.15 -649.728 -706.194 -677.977 -863.387 -783.173 -805.384 -1952.42 -153.613 -4516.66 -1212.38 65866.2 ;
]

============== Hessian ===============

Size = 22
Data size = 253
[ 65464.1 -2855.04 -880.287 -1095.11 -152.125 -10352.4 -663.097 -1308.19 -1448.02 -1504.45 -1313.97 -820.289 -760.556 -673.85 -737.226 -703.191 -763.057 -1930.2 -151.806 -4470.49 -1194.08 -30909.6 ;
-2855.04 8704.27 -82.2404 -102.31 -14.2122 -967.172 -61.9496 -122.217 -135.28 -140.553 -122.757 -76.6351 -71.0546 -62.9542 -68.875 -65.6953 -71.2883 -180.328 -14.1824 -417.654 -111.557 -2887.72 ;
-880.287 -82.2404 2740.64 -31.5449 -4.382 -298.205 -19.1007 -37.6829 -41.7105 -43.3363 -37.8494 -23.6287 -21.9081 -19.4105 -21.236 -20.2556 -21.9801 -55.6001 -4.37283 -128.774 -34.3959 -890.362 ;
-1095.11 -102.31 -31.5449 3401.76 -5.45136 -370.978 -23.762 -46.8789 -51.8893 -53.9118 -47.086 -29.3949 -27.2544 -24.1473 -26.4184 -25.1987 -27.344 -69.1684 -5.43995 -160.199 -42.7898 -1107.64 ;
-152.125 -14.2122 -4.382 -5.45136 477.243 -51.5337 -3.30085 -6.51209 -7.20811 -7.48906 -6.54086 -4.08334 -3.78599 -3.35438 -3.66986 -3.50043 -3.79844 -9.6084 -0.755681 -22.2538 -5.94406 -153.866 ;
-10352.4 -967.172 -298.205 -370.978 -51.5337 29022 -224.63 -443.163 -490.528 -509.647 -445.12 -277.88 -257.645 -228.273 -249.742 -238.212 -258.492 -653.873 -51.4258 -1514.42 -404.507 -10470.9 ;
-663.097 -61.9496 -19.1007 -23.762 -3.30085 -224.63 1834.61 0 0 0 0 0 0 0 0 0 0 -41.8821 -3.29394 -97.0021 -25.9096 -670.686 ;
-1308.19 -122.217 -37.6829 -46.8789 -6.51209 -443.163 0 3619.43 0 0 0 0 0 0 0 0 0 -82.6272 -6.49846 -191.371 -51.1158 -1323.17 ;
-1448.02 -135.28 -41.7105 -51.8893 -7.20811 -490.528 0 0 4006.28 0 0 0 0 0 0 0 0 -91.4585 -7.19303 -211.825 -56.5791 -1464.59 ;
-1504.45 -140.553 -43.3363 -53.9118 -7.48906 -509.647 0 0 0 4162.43 0 0 0 0 0 0 0 -95.0233 -7.47339 -220.081 -58.7844 -1521.67 ;
-1313.97 -122.757 -37.8494 -47.086 -6.54086 -445.12 0 0 0 0 3635.42 0 0 0 0 0 0 -82.9923 -6.52717 -192.216 -51.3416 -1329.01 ;
-820.289 -76.6351 -23.6287 -29.3949 -4.08334 -277.88 0 0 0 0 0 2269.52 0 0 0 0 0 -51.8105 -4.07479 -119.997 -32.0516 -829.677 ;
-760.556 -71.0546 -21.9081 -27.2544 -3.78599 -257.645 0 0 0 0 0 0 2104.26 0 0 0 0 -48.0377 -3.77807 -111.259 -29.7176 -769.261 ;
-673.85 -62.9542 -19.4105 -24.1473 -3.35438 -228.273 0 0 0 0 0 0 0 1864.37 0 0 0 -42.5613 -3.34736 -98.5751 -26.3297 -681.562 ;
-737.226 -68.875 -21.236 -26.4184 -3.66986 -249.742 0 0 0 0 0 0 0 0 2039.71 0 0 -46.5642 -3.66218 -107.846 -28.8061 -745.664 ;
-703.191 -65.6953 -20.2556 -25.1987 -3.50043 -238.212 0 0 0 0 0 0 0 0 0 1945.54 0 -44.4145 -3.49311 -102.867 -27.4762 -711.239 ;
-763.057 -71.2883 -21.9801 -27.344 -3.79844 -258.492 0 0 0 0 0 0 0 0 0 0 2111.18 -48.1957 -3.79049 -111.625 -29.8154 -771.79 ;
-1930.2 -180.328 -55.6001 -69.1684 -9.6084 -653.873 -41.8821 -82.6272 -91.4585 -95.0233 -82.9923 -51.8105 -48.0377 -42.5613 -46.5642 -44.4145 -48.1957 5943.09 -9.58829 -282.362 -75.4199 -1952.29 ;
-151.806 -14.1824 -4.37283 -5.43995 -0.755681 -51.4258 -3.29394 -6.49846 -7.19303 -7.47339 -6.52717 -4.07479 -3.77807 -3.34736 -3.66218 -3.49311 -3.79049 -9.58829 476.246 -22.2072 -5.93162 -153.544 ;
-4470.49 -417.654 -128.774 -160.199 -22.2538 -1514.42 -97.0021 -191.371 -211.825 -220.081 -192.216 -119.997 -111.259 -98.5751 -107.846 -102.867 -111.625 -282.362 -22.2072 13393 -174.678 -4521.66 ;
-1194.08 -111.557 -34.3959 -42.7898 -5.94406 -404.507 -25.9096 -51.1158 -56.5791 -58.7844 -51.3416 -32.0516 -29.7176 -26.3297 -28.8061 -27.4762 -29.8154 -75.4199 -5.93162 -174.678 3705.34 -1207.75 ;
-30909.6 -2887.72 -890.362 -1107.64 -153.866 -10470.9 -670.686 -1323.17 -1464.59 -1521.67 -1329.01 -829.677 -769.261 -681.562 -745.664 -711.239 -771.79 -1952.29 -153.544 -4521.66 -1207.75 65859.6 ;
]

